<?xml version="1.0" encoding="UTF-8"?>
<!-- Generated by org.testng.reporters.JUnitXMLReporter -->
<testsuite ignored="0" hostname="LAPTOP-NUKSPRMG" failures="0" tests="13" name="Default test" time="3.91" errors="0" timestamp="2022-10-02T15:38:11 IST">
  <testcase classname="com.testing.pom.test.POMTest" name="doLogin" time="0.298"/>
  <testcase classname="com.testing.pom.test.POMTest" name="doLogin" time="0.174"/>
  <testcase classname="com.testing.pom.test.POMTest" name="doLogin" time="0.185"/>
  <testcase classname="com.testing.pom.test.POMTest" name="doLogin" time="0.181"/>
  <testcase classname="com.testing.pom.test.POMTest" name="doLogin" time="0.188"/>
  <testcase classname="com.testing.pom.test.POMTest" name="doLogin" time="0.184"/>
  <testcase classname="com.testing.pom.test.POMTest" name="doLogin" time="0.334"/>
  <testcase classname="com.testing.pom.test.POMTest" name="doRegister" time="0.469"/>
  <testcase classname="com.testing.pom.test.POMTest" name="doRegister" time="0.364"/>
  <testcase classname="com.testing.pom.test.POMTest" name="doRegister" time="0.325"/>
  <testcase classname="com.testing.pom.test.POMTest" name="doRegister" time="0.302"/>
  <testcase classname="com.testing.pom.test.POMTest" name="doRegister" time="0.32"/>
  <testcase classname="com.testing.pom.test.POMTest" name="doRegister" time="0.335"/>
</testsuite> <!-- Default test -->
