<?xml version="1.0" encoding="UTF-8"?>
<!-- Generated by org.testng.reporters.JUnitXMLReporter -->
<testsuite ignored="0" hostname="LAPTOP-NUKSPRMG" failures="0" tests="13" name="Test" time="5.174" errors="0" timestamp="2022-10-02T16:14:47 IST">
  <testcase classname="com.testing.pom.test.POMTest" name="doLogin" time="0.313"/>
  <testcase classname="com.testing.pom.test.POMTest" name="doLogin" time="0.173"/>
  <testcase classname="com.testing.pom.test.POMTest" name="doLogin" time="0.187"/>
  <testcase classname="com.testing.pom.test.POMTest" name="doLogin" time="0.179"/>
  <testcase classname="com.testing.pom.test.POMTest" name="doLogin" time="0.185"/>
  <testcase classname="com.testing.pom.test.POMTest" name="doLogin" time="0.184"/>
  <testcase classname="com.testing.pom.test.POMTest" name="doLogin" time="1.609"/>
  <testcase classname="com.testing.pom.test.POMTest" name="doRegister" time="0.498"/>
  <testcase classname="com.testing.pom.test.POMTest" name="doRegister" time="0.315"/>
  <testcase classname="com.testing.pom.test.POMTest" name="doRegister" time="0.328"/>
  <testcase classname="com.testing.pom.test.POMTest" name="doRegister" time="0.311"/>
  <testcase classname="com.testing.pom.test.POMTest" name="doRegister" time="0.32"/>
  <testcase classname="com.testing.pom.test.POMTest" name="doRegister" time="0.349"/>
</testsuite> <!-- Test -->
